<testsuites id="" name="" tests="1" failures="0" skipped="0" errors="1" time="59.104686">
<testsuite name="synthetic\walker.spec.ts" timestamp="2026-09-08T15:18:05.747Z" hostname="synthetic" tests="1" failures="0" skipped="0" time="40.188" errors="1">
<testcase name="Synthetic walker › walks the deployed app with a seeded random journey" classname="synthetic\walker.spec.ts" time="40.188">
<system-out>
<![CDATA[
[[ATTACHMENT|test-results\walker-Synthetic-walker-wa-feb44-ith-a-seeded-random-journey-synthetic\error-context.md]]
]]>
</system-out>
<error message="page.waitForURL: Timeout 30000ms exceeded." type="TimeoutError">
<![CDATA[  [synthetic] › synthetic\walker.spec.ts:8:7 › Synthetic walker › walks the deployed app with a seeded random journey 

    TimeoutError: page.waitForURL: Timeout 30000ms exceeded.
    =========================== logs ===========================
    waiting for navigation until "load"
      navigated to "https://crgolden-identity.azurewebsites.net/Account/Login?ReturnUrl=%2Fconnect%2Fauthorize%2Fcallback%3Frequest_uri%3Durn%253Aietf%253Aparams%253Aoauth%253Arequest_uri%253ADDDA6D40484F1EB9951737692FFB05DF3D0E1EC683ABE8E53AFDB951F2990E4D%26client_id%3Dinventory-bff"
      navigated to "https://crgolden-identity.azurewebsites.net/Account/Login?ReturnUrl=%2Fconnect%2Fauthorize%2Fcallback%3Frequest_uri%3Durn%253Aietf%253Aparams%253Aoauth%253Arequest_uri%253ADDDA6D40484F1EB9951737692FFB05DF3D0E1EC683ABE8E53AFDB951F2990E4D%26client_id%3Dinventory-bff"
      navigated to "https://crgolden-identity.azurewebsites.net/Account/Login?ReturnUrl=%2Fconnect%2Fauthorize%2Fcallback%3Frequest_uri%3Durn%253Aietf%253Aparams%253Aoauth%253Arequest_uri%253ADDDA6D40484F1EB9951737692FFB05DF3D0E1EC683ABE8E53AFDB951F2990E4D%26client_id%3Dinventory-bff"
      navigated to "https://crgolden-identity.azurewebsites.net/Account/Login?ReturnUrl=%2Fconnect%2Fauthorize%2Fcallback%3Frequest_uri%3Durn%253Aietf%253Aparams%253Aoauth%253Arequest_uri%253ADDDA6D40484F1EB9951737692FFB05DF3D0E1EC683ABE8E53AFDB951F2990E4D%26client_id%3Dinventory-bff"
      navigated to "https://crgolden-identity.azurewebsites.net/Account/Login?ReturnUrl=%2Fconnect%2Fauthorize%2Fcallback%3Frequest_uri%3Durn%253Aietf%253Aparams%253Aoauth%253Arequest_uri%253ADDDA6D40484F1EB9951737692FFB05DF3D0E1EC683ABE8E53AFDB951F2990E4D%26client_id%3Dinventory-bff"
      navigated to "https://crgolden-identity.azurewebsites.net/Account/Login?ReturnUrl=%2Fconnect%2Fauthorize%2Fcallback%3Frequest_uri%3Durn%253Aietf%253Aparams%253Aoauth%253Arequest_uri%253ADDDA6D40484F1EB9951737692FFB05DF3D0E1EC683ABE8E53AFDB951F2990E4D%26client_id%3Dinventory-bff"
      navigated to "https://crgolden-identity.azurewebsites.net/Account/Login?ReturnUrl=%2Fconnect%2Fauthorize%2Fcallback%3Frequest_uri%3Durn%253Aietf%253Aparams%253Aoauth%253Arequest_uri%253ADDDA6D40484F1EB9951737692FFB05DF3D0E1EC683ABE8E53AFDB951F2990E4D%26client_id%3Dinventory-bff"
      navigated to "https://crgolden-identity.azurewebsites.net/Account/Login?ReturnUrl=%2Fconnect%2Fauthorize%2Fcallback%3Frequest_uri%3Durn%253Aietf%253Aparams%253Aoauth%253Arequest_uri%253ADDDA6D40484F1EB9951737692FFB05DF3D0E1EC683ABE8E53AFDB951F2990E4D%26client_id%3Dinventory-bff"
      navigated to "https://crgolden-identity.azurewebsites.net/Account/Login?ReturnUrl=%2Fconnect%2Fauthorize%2Fcallback%3Frequest_uri%3Durn%253Aietf%253Aparams%253Aoauth%253Arequest_uri%253ADDDA6D40484F1EB9951737692FFB05DF3D0E1EC683ABE8E53AFDB951F2990E4D%26client_id%3Dinventory-bff"
      navigated to "https://crgolden-identity.azurewebsites.net/Account/Login?ReturnUrl=%2Fconnect%2Fauthorize%2Fcallback%3Frequest_uri%3Durn%253Aietf%253Aparams%253Aoauth%253Arequest_uri%253ADDDA6D40484F1EB9951737692FFB05DF3D0E1EC683ABE8E53AFDB951F2990E4D%26client_id%3Dinventory-bff"
      navigated to "https://crgolden-identity.azurewebsites.net/Account/Login?ReturnUrl=%2Fconnect%2Fauthorize%2Fcallback%3Frequest_uri%3Durn%253Aietf%253Aparams%253Aoauth%253Arequest_uri%253ADDDA6D40484F1EB9951737692FFB05DF3D0E1EC683ABE8E53AFDB951F2990E4D%26client_id%3Dinventory-bff"
      navigated to "https://crgolden-identity.azurewebsites.net/Account/Login?ReturnUrl=%2Fconnect%2Fauthorize%2Fcallback%3Frequest_uri%3Durn%253Aietf%253Aparams%253Aoauth%253Arequest_uri%253ADDDA6D40484F1EB9951737692FFB05DF3D0E1EC683ABE8E53AFDB951F2990E4D%26client_id%3Dinventory-bff"
      navigated to "https://crgolden-identity.azurewebsites.net/Account/Login?ReturnUrl=%2Fconnect%2Fauthorize%2Fcallback%3Frequest_uri%3Durn%253Aietf%253Aparams%253Aoauth%253Arequest_uri%253ADDDA6D40484F1EB9951737692FFB05DF3D0E1EC683ABE8E53AFDB951F2990E4D%26client_id%3Dinventory-bff"
      navigated to "https://crgolden-identity.azurewebsites.net/Account/Login?ReturnUrl=%2Fconnect%2Fauthorize%2Fcallback%3Frequest_uri%3Durn%253Aietf%253Aparams%253Aoauth%253Arequest_uri%253ADDDA6D40484F1EB9951737692FFB05DF3D0E1EC683ABE8E53AFDB951F2990E4D%26client_id%3Dinventory-bff"
      navigated to "https://crgolden-identity.azurewebsites.net/Account/Login?ReturnUrl=%2Fconnect%2Fauthorize%2Fcallback%3Frequest_uri%3Durn%253Aietf%253Aparams%253Aoauth%253Arequest_uri%253ADDDA6D40484F1EB9951737692FFB05DF3D0E1EC683ABE8E53AFDB951F2990E4D%26client_id%3Dinventory-bff"
      navigated to "https://crgolden-identity.azurewebsites.net/Account/Login?ReturnUrl=%2Fconnect%2Fauthorize%2Fcallback%3Frequest_uri%3Durn%253Aietf%253Aparams%253Aoauth%253Arequest_uri%253ADDDA6D40484F1EB9951737692FFB05DF3D0E1EC683ABE8E53AFDB951F2990E4D%26client_id%3Dinventory-bff"
      navigated to "https://crgolden-identity.azurewebsites.net/Account/Login?ReturnUrl=%2Fconnect%2Fauthorize%2Fcallback%3Frequest_uri%3Durn%253Aietf%253Aparams%253Aoauth%253Arequest_uri%253ADDDA6D40484F1EB9951737692FFB05DF3D0E1EC683ABE8E53AFDB951F2990E4D%26client_id%3Dinventory-bff"
      navigated to "https://crgolden-identity.azurewebsites.net/Account/Login?ReturnUrl=%2Fconnect%2Fauthorize%2Fcallback%3Frequest_uri%3Durn%253Aietf%253Aparams%253Aoauth%253Arequest_uri%253ADDDA6D40484F1EB9951737692FFB05DF3D0E1EC683ABE8E53AFDB951F2990E4D%26client_id%3Dinventory-bff"
      navigated to "https://crgolden-identity.azurewebsites.net/Account/Login?ReturnUrl=%2Fconnect%2Fauthorize%2Fcallback%3Frequest_uri%3Durn%253Aietf%253Aparams%253Aoauth%253Arequest_uri%253ADDDA6D40484F1EB9951737692FFB05DF3D0E1EC683ABE8E53AFDB951F2990E4D%26client_id%3Dinventory-bff"
      navigated to "https://crgolden-identity.azurewebsites.net/Account/Login?ReturnUrl=%2Fconnect%2Fauthorize%2Fcallback%3Frequest_uri%3Durn%253Aietf%253Aparams%253Aoauth%253Arequest_uri%253ADDDA6D40484F1EB9951737692FFB05DF3D0E1EC683ABE8E53AFDB951F2990E4D%26client_id%3Dinventory-bff"
      navigated to "https://crgolden-identity.azurewebsites.net/Account/Login?ReturnUrl=%2Fconnect%2Fauthorize%2Fcallback%3Frequest_uri%3Durn%253Aietf%253Aparams%253Aoauth%253Arequest_uri%253ADDDA6D40484F1EB9951737692FFB05DF3D0E1EC683ABE8E53AFDB951F2990E4D%26client_id%3Dinventory-bff"
      navigated to "https://crgolden-identity.azurewebsites.net/Account/Login?ReturnUrl=%2Fconnect%2Fauthorize%2Fcallback%3Frequest_uri%3Durn%253Aietf%253Aparams%253Aoauth%253Arequest_uri%253ADDDA6D40484F1EB9951737692FFB05DF3D0E1EC683ABE8E53AFDB951F2990E4D%26client_id%3Dinventory-bff"
      navigated to "https://crgolden-identity.azurewebsites.net/Account/Login?ReturnUrl=%2Fconnect%2Fauthorize%2Fcallback%3Frequest_uri%3Durn%253Aietf%253Aparams%253Aoauth%253Arequest_uri%253ADDDA6D40484F1EB9951737692FFB05DF3D0E1EC683ABE8E53AFDB951F2990E4D%26client_id%3Dinventory-bff"
      navigated to "https://crgolden-identity.azurewebsites.net/Account/Login?ReturnUrl=%2Fconnect%2Fauthorize%2Fcallback%3Frequest_uri%3Durn%253Aietf%253Aparams%253Aoauth%253Arequest_uri%253ADDDA6D40484F1EB9951737692FFB05DF3D0E1EC683ABE8E53AFDB951F2990E4D%26client_id%3Dinventory-bff"
      navigated to "https://crgolden-identity.azurewebsites.net/Account/Login?ReturnUrl=%2Fconnect%2Fauthorize%2Fcallback%3Frequest_uri%3Durn%253Aietf%253Aparams%253Aoauth%253Arequest_uri%253ADDDA6D40484F1EB9951737692FFB05DF3D0E1EC683ABE8E53AFDB951F2990E4D%26client_id%3Dinventory-bff"
      navigated to "https://crgolden-identity.azurewebsites.net/Account/Login?ReturnUrl=%2Fconnect%2Fauthorize%2Fcallback%3Frequest_uri%3Durn%253Aietf%253Aparams%253Aoauth%253Arequest_uri%253ADDDA6D40484F1EB9951737692FFB05DF3D0E1EC683ABE8E53AFDB951F2990E4D%26client_id%3Dinventory-bff"
      navigated to "https://crgolden-identity.azurewebsites.net/Account/Login?ReturnUrl=%2Fconnect%2Fauthorize%2Fcallback%3Frequest_uri%3Durn%253Aietf%253Aparams%253Aoauth%253Arequest_uri%253ADDDA6D40484F1EB9951737692FFB05DF3D0E1EC683ABE8E53AFDB951F2990E4D%26client_id%3Dinventory-bff"
      navigated to "https://crgolden-identity.azurewebsites.net/Account/Login?ReturnUrl=%2Fconnect%2Fauthorize%2Fcallback%3Frequest_uri%3Durn%253Aietf%253Aparams%253Aoauth%253Arequest_uri%253ADDDA6D40484F1EB9951737692FFB05DF3D0E1EC683ABE8E53AFDB951F2990E4D%26client_id%3Dinventory-bff"
      navigated to "https://crgolden-identity.azurewebsites.net/Account/Login?ReturnUrl=%2Fconnect%2Fauthorize%2Fcallback%3Frequest_uri%3Durn%253Aietf%253Aparams%253Aoauth%253Arequest_uri%253ADDDA6D40484F1EB9951737692FFB05DF3D0E1EC683ABE8E53AFDB951F2990E4D%26client_id%3Dinventory-bff"
      navigated to "https://crgolden-identity.azurewebsites.net/Account/Login?ReturnUrl=%2Fconnect%2Fauthorize%2Fcallback%3Frequest_uri%3Durn%253Aietf%253Aparams%253Aoauth%253Arequest_uri%253ADDDA6D40484F1EB9951737692FFB05DF3D0E1EC683ABE8E53AFDB951F2990E4D%26client_id%3Dinventory-bff"
      navigated to "https://crgolden-identity.azurewebsites.net/Account/Login?ReturnUrl=%2Fconnect%2Fauthorize%2Fcallback%3Frequest_uri%3Durn%253Aietf%253Aparams%253Aoauth%253Arequest_uri%253ADDDA6D40484F1EB9951737692FFB05DF3D0E1EC683ABE8E53AFDB951F2990E4D%26client_id%3Dinventory-bff"
      navigated to "https://crgolden-identity.azurewebsites.net/Account/Login?ReturnUrl=%2Fconnect%2Fauthorize%2Fcallback%3Frequest_uri%3Durn%253Aietf%253Aparams%253Aoauth%253Arequest_uri%253ADDDA6D40484F1EB9951737692FFB05DF3D0E1EC683ABE8E53AFDB951F2990E4D%26client_id%3Dinventory-bff"
      navigated to "https://crgolden-identity.azurewebsites.net/Account/Login?ReturnUrl=%2Fconnect%2Fauthorize%2Fcallback%3Frequest_uri%3Durn%253Aietf%253Aparams%253Aoauth%253Arequest_uri%253ADDDA6D40484F1EB9951737692FFB05DF3D0E1EC683ABE8E53AFDB951F2990E4D%26client_id%3Dinventory-bff"
      navigated to "https://crgolden-identity.azurewebsites.net/Account/Login?ReturnUrl=%2Fconnect%2Fauthorize%2Fcallback%3Frequest_uri%3Durn%253Aietf%253Aparams%253Aoauth%253Arequest_uri%253ADDDA6D40484F1EB9951737692FFB05DF3D0E1EC683ABE8E53AFDB951F2990E4D%26client_id%3Dinventory-bff"
      navigated to "https://crgolden-identity.azurewebsites.net/Account/Login?ReturnUrl=%2Fconnect%2Fauthorize%2Fcallback%3Frequest_uri%3Durn%253Aietf%253Aparams%253Aoauth%253Arequest_uri%253ADDDA6D40484F1EB9951737692FFB05DF3D0E1EC683ABE8E53AFDB951F2990E4D%26client_id%3Dinventory-bff"
      navigated to "https://crgolden-identity.azurewebsites.net/Account/Login?ReturnUrl=%2Fconnect%2Fauthorize%2Fcallback%3Frequest_uri%3Durn%253Aietf%253Aparams%253Aoauth%253Arequest_uri%253ADDDA6D40484F1EB9951737692FFB05DF3D0E1EC683ABE8E53AFDB951F2990E4D%26client_id%3Dinventory-bff"
      navigated to "https://crgolden-identity.azurewebsites.net/Account/Login?ReturnUrl=%2Fconnect%2Fauthorize%2Fcallback%3Frequest_uri%3Durn%253Aietf%253Aparams%253Aoauth%253Arequest_uri%253ADDDA6D40484F1EB9951737692FFB05DF3D0E1EC683ABE8E53AFDB951F2990E4D%26client_id%3Dinventory-bff"
      navigated to "https://crgolden-identity.azurewebsites.net/Account/Login?ReturnUrl=%2Fconnect%2Fauthorize%2Fcallback%3Frequest_uri%3Durn%253Aietf%253Aparams%253Aoauth%253Arequest_uri%253ADDDA6D40484F1EB9951737692FFB05DF3D0E1EC683ABE8E53AFDB951F2990E4D%26client_id%3Dinventory-bff"
      navigated to "https://crgolden-identity.azurewebsites.net/Account/Login?ReturnUrl=%2Fconnect%2Fauthorize%2Fcallback%3Frequest_uri%3Durn%253Aietf%253Aparams%253Aoauth%253Arequest_uri%253ADDDA6D40484F1EB9951737692FFB05DF3D0E1EC683ABE8E53AFDB951F2990E4D%26client_id%3Dinventory-bff"
      navigated to "https://crgolden-identity.azurewebsites.net/Account/Login?ReturnUrl=%2Fconnect%2Fauthorize%2Fcallback%3Frequest_uri%3Durn%253Aietf%253Aparams%253Aoauth%253Arequest_uri%253ADDDA6D40484F1EB9951737692FFB05DF3D0E1EC683ABE8E53AFDB951F2990E4D%26client_id%3Dinventory-bff"
      navigated to "https://crgolden-identity.azurewebsites.net/Account/Login?ReturnUrl=%2Fconnect%2Fauthorize%2Fcallback%3Frequest_uri%3Durn%253Aietf%253Aparams%253Aoauth%253Arequest_uri%253ADDDA6D40484F1EB9951737692FFB05DF3D0E1EC683ABE8E53AFDB951F2990E4D%26client_id%3Dinventory-bff"
      navigated to "https://crgolden-identity.azurewebsites.net/Account/Login?ReturnUrl=%2Fconnect%2Fauthorize%2Fcallback%3Frequest_uri%3Durn%253Aietf%253Aparams%253Aoauth%253Arequest_uri%253ADDDA6D40484F1EB9951737692FFB05DF3D0E1EC683ABE8E53AFDB951F2990E4D%26client_id%3Dinventory-bff"
      navigated to "https://crgolden-identity.azurewebsites.net/Account/Login?ReturnUrl=%2Fconnect%2Fauthorize%2Fcallback%3Frequest_uri%3Durn%253Aietf%253Aparams%253Aoauth%253Arequest_uri%253ADDDA6D40484F1EB9951737692FFB05DF3D0E1EC683ABE8E53AFDB951F2990E4D%26client_id%3Dinventory-bff"
      navigated to "https://crgolden-identity.azurewebsites.net/Account/Login?ReturnUrl=%2Fconnect%2Fauthorize%2Fcallback%3Frequest_uri%3Durn%253Aietf%253Aparams%253Aoauth%253Arequest_uri%253ADDDA6D40484F1EB9951737692FFB05DF3D0E1EC683ABE8E53AFDB951F2990E4D%26client_id%3Dinventory-bff"
      navigated to "https://crgolden-identity.azurewebsites.net/Account/Login?ReturnUrl=%2Fconnect%2Fauthorize%2Fcallback%3Frequest_uri%3Durn%253Aietf%253Aparams%253Aoauth%253Arequest_uri%253ADDDA6D40484F1EB9951737692FFB05DF3D0E1EC683ABE8E53AFDB951F2990E4D%26client_id%3Dinventory-bff"
      navigated to "https://crgolden-identity.azurewebsites.net/Account/Login?ReturnUrl=%2Fconnect%2Fauthorize%2Fcallback%3Frequest_uri%3Durn%253Aietf%253Aparams%253Aoauth%253Arequest_uri%253ADDDA6D40484F1EB9951737692FFB05DF3D0E1EC683ABE8E53AFDB951F2990E4D%26client_id%3Dinventory-bff"
      navigated to "https://crgolden-identity.azurewebsites.net/Account/Login?ReturnUrl=%2Fconnect%2Fauthorize%2Fcallback%3Frequest_uri%3Durn%253Aietf%253Aparams%253Aoauth%253Arequest_uri%253ADDDA6D40484F1EB9951737692FFB05DF3D0E1EC683ABE8E53AFDB951F2990E4D%26client_id%3Dinventory-bff"
      navigated to "https://crgolden-identity.azurewebsites.net/Account/Login?ReturnUrl=%2Fconnect%2Fauthorize%2Fcallback%3Frequest_uri%3Durn%253Aietf%253Aparams%253Aoauth%253Arequest_uri%253ADDDA6D40484F1EB9951737692FFB05DF3D0E1EC683ABE8E53AFDB951F2990E4D%26client_id%3Dinventory-bff"
      navigated to "https://crgolden-identity.azurewebsites.net/Account/Login?ReturnUrl=%2Fconnect%2Fauthorize%2Fcallback%3Frequest_uri%3Durn%253Aietf%253Aparams%253Aoauth%253Arequest_uri%253ADDDA6D40484F1EB9951737692FFB05DF3D0E1EC683ABE8E53AFDB951F2990E4D%26client_id%3Dinventory-bff"
      navigated to "https://crgolden-identity.azurewebsites.net/Account/Login?ReturnUrl=%2Fconnect%2Fauthorize%2Fcallback%3Frequest_uri%3Durn%253Aietf%253Aparams%253Aoauth%253Arequest_uri%253ADDDA6D40484F1EB9951737692FFB05DF3D0E1EC683ABE8E53AFDB951F2990E4D%26client_id%3Dinventory-bff"
      navigated to "https://crgolden-identity.azurewebsites.net/Account/Login?ReturnUrl=%2Fconnect%2Fauthorize%2Fcallback%3Frequest_uri%3Durn%253Aietf%253Aparams%253Aoauth%253Arequest_uri%253ADDDA6D40484F1EB9951737692FFB05DF3D0E1EC683ABE8E53AFDB951F2990E4D%26client_id%3Dinventory-bff"
      navigated to "https://crgolden-identity.azurewebsites.net/Account/Login?ReturnUrl=%2Fconnect%2Fauthorize%2Fcallback%3Frequest_uri%3Durn%253Aietf%253Aparams%253Aoauth%253Arequest_uri%253ADDDA6D40484F1EB9951737692FFB05DF3D0E1EC683ABE8E53AFDB951F2990E4D%26client_id%3Dinventory-bff"
      navigated to "https://crgolden-identity.azurewebsites.net/Account/Login?ReturnUrl=%2Fconnect%2Fauthorize%2Fcallback%3Frequest_uri%3Durn%253Aietf%253Aparams%253Aoauth%253Arequest_uri%253ADDDA6D40484F1EB9951737692FFB05DF3D0E1EC683ABE8E53AFDB951F2990E4D%26client_id%3Dinventory-bff"
      navigated to "https://crgolden-identity.azurewebsites.net/Account/Login?ReturnUrl=%2Fconnect%2Fauthorize%2Fcallback%3Frequest_uri%3Durn%253Aietf%253Aparams%253Aoauth%253Arequest_uri%253ADDDA6D40484F1EB9951737692FFB05DF3D0E1EC683ABE8E53AFDB951F2990E4D%26client_id%3Dinventory-bff"
      navigated to "https://crgolden-identity.azurewebsites.net/Account/Login?ReturnUrl=%2Fconnect%2Fauthorize%2Fcallback%3Frequest_uri%3Durn%253Aietf%253Aparams%253Aoauth%253Arequest_uri%253ADDDA6D40484F1EB9951737692FFB05DF3D0E1EC683ABE8E53AFDB951F2990E4D%26client_id%3Dinventory-bff"
      navigated to "https://crgolden-identity.azurewebsites.net/Account/Login?ReturnUrl=%2Fconnect%2Fauthorize%2Fcallback%3Frequest_uri%3Durn%253Aietf%253Aparams%253Aoauth%253Arequest_uri%253ADDDA6D40484F1EB9951737692FFB05DF3D0E1EC683ABE8E53AFDB951F2990E4D%26client_id%3Dinventory-bff"
      navigated to "https://crgolden-identity.azurewebsites.net/Account/Login?ReturnUrl=%2Fconnect%2Fauthorize%2Fcallback%3Frequest_uri%3Durn%253Aietf%253Aparams%253Aoauth%253Arequest_uri%253ADDDA6D40484F1EB9951737692FFB05DF3D0E1EC683ABE8E53AFDB951F2990E4D%26client_id%3Dinventory-bff"
      navigated to "https://crgolden-identity.azurewebsites.net/Account/Login?ReturnUrl=%2Fconnect%2Fauthorize%2Fcallback%3Frequest_uri%3Durn%253Aietf%253Aparams%253Aoauth%253Arequest_uri%253ADDDA6D40484F1EB9951737692FFB05DF3D0E1EC683ABE8E53AFDB951F2990E4D%26client_id%3Dinventory-bff"
      navigated to "https://crgolden-identity.azurewebsites.net/Account/Login?ReturnUrl=%2Fconnect%2Fauthorize%2Fcallback%3Frequest_uri%3Durn%253Aietf%253Aparams%253Aoauth%253Arequest_uri%253ADDDA6D40484F1EB9951737692FFB05DF3D0E1EC683ABE8E53AFDB951F2990E4D%26client_id%3Dinventory-bff"
      navigated to "https://crgolden-identity.azurewebsites.net/Account/Login?ReturnUrl=%2Fconnect%2Fauthorize%2Fcallback%3Frequest_uri%3Durn%253Aietf%253Aparams%253Aoauth%253Arequest_uri%253ADDDA6D40484F1EB9951737692FFB05DF3D0E1EC683ABE8E53AFDB951F2990E4D%26client_id%3Dinventory-bff"
      navigated to "https://crgolden-identity.azurewebsites.net/Account/Login?ReturnUrl=%2Fconnect%2Fauthorize%2Fcallback%3Frequest_uri%3Durn%253Aietf%253Aparams%253Aoauth%253Arequest_uri%253ADDDA6D40484F1EB9951737692FFB05DF3D0E1EC683ABE8E53AFDB951F2990E4D%26client_id%3Dinventory-bff"
      navigated to "https://crgolden-identity.azurewebsites.net/Account/Login?ReturnUrl=%2Fconnect%2Fauthorize%2Fcallback%3Frequest_uri%3Durn%253Aietf%253Aparams%253Aoauth%253Arequest_uri%253ADDDA6D40484F1EB9951737692FFB05DF3D0E1EC683ABE8E53AFDB951F2990E4D%26client_id%3Dinventory-bff"
      navigated to "https://crgolden-identity.azurewebsites.net/Account/Login?ReturnUrl=%2Fconnect%2Fauthorize%2Fcallback%3Frequest_uri%3Durn%253Aietf%253Aparams%253Aoauth%253Arequest_uri%253ADDDA6D40484F1EB9951737692FFB05DF3D0E1EC683ABE8E53AFDB951F2990E4D%26client_id%3Dinventory-bff"
      navigated to "https://crgolden-identity.azurewebsites.net/Account/Login?ReturnUrl=%2Fconnect%2Fauthorize%2Fcallback%3Frequest_uri%3Durn%253Aietf%253Aparams%253Aoauth%253Arequest_uri%253ADDDA6D40484F1EB9951737692FFB05DF3D0E1EC683ABE8E53AFDB951F2990E4D%26client_id%3Dinventory-bff"
      navigated to "https://crgolden-identity.azurewebsites.net/Account/Login?ReturnUrl=%2Fconnect%2Fauthorize%2Fcallback%3Frequest_uri%3Durn%253Aietf%253Aparams%253Aoauth%253Arequest_uri%253ADDDA6D40484F1EB9951737692FFB05DF3D0E1EC683ABE8E53AFDB951F2990E4D%26client_id%3Dinventory-bff"
      navigated to "https://crgolden-identity.azurewebsites.net/Account/Login?ReturnUrl=%2Fconnect%2Fauthorize%2Fcallback%3Frequest_uri%3Durn%253Aietf%253Aparams%253Aoauth%253Arequest_uri%253ADDDA6D40484F1EB9951737692FFB05DF3D0E1EC683ABE8E53AFDB951F2990E4D%26client_id%3Dinventory-bff"
      navigated to "https://crgolden-identity.azurewebsites.net/Account/Login?ReturnUrl=%2Fconnect%2Fauthorize%2Fcallback%3Frequest_uri%3Durn%253Aietf%253Aparams%253Aoauth%253Arequest_uri%253ADDDA6D40484F1EB9951737692FFB05DF3D0E1EC683ABE8E53AFDB951F2990E4D%26client_id%3Dinventory-bff"
      navigated to "https://crgolden-identity.azurewebsites.net/Account/Login?ReturnUrl=%2Fconnect%2Fauthorize%2Fcallback%3Frequest_uri%3Durn%253Aietf%253Aparams%253Aoauth%253Arequest_uri%253ADDDA6D40484F1EB9951737692FFB05DF3D0E1EC683ABE8E53AFDB951F2990E4D%26client_id%3Dinventory-bff"
      navigated to "https://crgolden-identity.azurewebsites.net/Account/Login?ReturnUrl=%2Fconnect%2Fauthorize%2Fcallback%3Frequest_uri%3Durn%253Aietf%253Aparams%253Aoauth%253Arequest_uri%253ADDDA6D40484F1EB9951737692FFB05DF3D0E1EC683ABE8E53AFDB951F2990E4D%26client_id%3Dinventory-bff"
      navigated to "https://crgolden-identity.azurewebsites.net/Account/Login?ReturnUrl=%2Fconnect%2Fauthorize%2Fcallback%3Frequest_uri%3Durn%253Aietf%253Aparams%253Aoauth%253Arequest_uri%253ADDDA6D40484F1EB9951737692FFB05DF3D0E1EC683ABE8E53AFDB951F2990E4D%26client_id%3Dinventory-bff"
      navigated to "https://crgolden-identity.azurewebsites.net/Account/Login?ReturnUrl=%2Fconnect%2Fauthorize%2Fcallback%3Frequest_uri%3Durn%253Aietf%253Aparams%253Aoauth%253Arequest_uri%253ADDDA6D40484F1EB9951737692FFB05DF3D0E1EC683ABE8E53AFDB951F2990E4D%26client_id%3Dinventory-bff"
      navigated to "https://crgolden-identity.azurewebsites.net/Account/Login?ReturnUrl=%2Fconnect%2Fauthorize%2Fcallback%3Frequest_uri%3Durn%253Aietf%253Aparams%253Aoauth%253Arequest_uri%253ADDDA6D40484F1EB9951737692FFB05DF3D0E1EC683ABE8E53AFDB951F2990E4D%26client_id%3Dinventory-bff"
      navigated to "https://crgolden-identity.azurewebsites.net/Account/Login?ReturnUrl=%2Fconnect%2Fauthorize%2Fcallback%3Frequest_uri%3Durn%253Aietf%253Aparams%253Aoauth%253Arequest_uri%253ADDDA6D40484F1EB9951737692FFB05DF3D0E1EC683ABE8E53AFDB951F2990E4D%26client_id%3Dinventory-bff"
      navigated to "https://crgolden-identity.azurewebsites.net/Account/Login?ReturnUrl=%2Fconnect%2Fauthorize%2Fcallback%3Frequest_uri%3Durn%253Aietf%253Aparams%253Aoauth%253Arequest_uri%253ADDDA6D40484F1EB9951737692FFB05DF3D0E1EC683ABE8E53AFDB951F2990E4D%26client_id%3Dinventory-bff"
      navigated to "https://crgolden-identity.azurewebsites.net/Account/Login?ReturnUrl=%2Fconnect%2Fauthorize%2Fcallback%3Frequest_uri%3Durn%253Aietf%253Aparams%253Aoauth%253Arequest_uri%253ADDDA6D40484F1EB9951737692FFB05DF3D0E1EC683ABE8E53AFDB951F2990E4D%26client_id%3Dinventory-bff"
      navigated to "https://crgolden-identity.azurewebsites.net/Account/Login?ReturnUrl=%2Fconnect%2Fauthorize%2Fcallback%3Frequest_uri%3Durn%253Aietf%253Aparams%253Aoauth%253Arequest_uri%253ADDDA6D40484F1EB9951737692FFB05DF3D0E1EC683ABE8E53AFDB951F2990E4D%26client_id%3Dinventory-bff"
      navigated to "https://crgolden-identity.azurewebsites.net/Account/Login?ReturnUrl=%2Fconnect%2Fauthorize%2Fcallback%3Frequest_uri%3Durn%253Aietf%253Aparams%253Aoauth%253Arequest_uri%253ADDDA6D40484F1EB9951737692FFB05DF3D0E1EC683ABE8E53AFDB951F2990E4D%26client_id%3Dinventory-bff"
      navigated to "https://crgolden-identity.azurewebsites.net/Account/Login?ReturnUrl=%2Fconnect%2Fauthorize%2Fcallback%3Frequest_uri%3Durn%253Aietf%253Aparams%253Aoauth%253Arequest_uri%253ADDDA6D40484F1EB9951737692FFB05DF3D0E1EC683ABE8E53AFDB951F2990E4D%26client_id%3Dinventory-bff"
      navigated to "https://crgolden-identity.azurewebsites.net/Account/Login?ReturnUrl=%2Fconnect%2Fauthorize%2Fcallback%3Frequest_uri%3Durn%253Aietf%253Aparams%253Aoauth%253Arequest_uri%253ADDDA6D40484F1EB9951737692FFB05DF3D0E1EC683ABE8E53AFDB951F2990E4D%26client_id%3Dinventory-bff"
      navigated to "https://crgolden-identity.azurewebsites.net/Account/Login?ReturnUrl=%2Fconnect%2Fauthorize%2Fcallback%3Frequest_uri%3Durn%253Aietf%253Aparams%253Aoauth%253Arequest_uri%253ADDDA6D40484F1EB9951737692FFB05DF3D0E1EC683ABE8E53AFDB951F2990E4D%26client_id%3Dinventory-bff"
      navigated to "https://crgolden-identity.azurewebsites.net/Account/Login?ReturnUrl=%2Fconnect%2Fauthorize%2Fcallback%3Frequest_uri%3Durn%253Aietf%253Aparams%253Aoauth%253Arequest_uri%253ADDDA6D40484F1EB9951737692FFB05DF3D0E1EC683ABE8E53AFDB951F2990E4D%26client_id%3Dinventory-bff"
      navigated to "https://crgolden-identity.azurewebsites.net/Account/Login?ReturnUrl=%2Fconnect%2Fauthorize%2Fcallback%3Frequest_uri%3Durn%253Aietf%253Aparams%253Aoauth%253Arequest_uri%253ADDDA6D40484F1EB9951737692FFB05DF3D0E1EC683ABE8E53AFDB951F2990E4D%26client_id%3Dinventory-bff"
      navigated to "https://crgolden-identity.azurewebsites.net/Account/Login?ReturnUrl=%2Fconnect%2Fauthorize%2Fcallback%3Frequest_uri%3Durn%253Aietf%253Aparams%253Aoauth%253Arequest_uri%253ADDDA6D40484F1EB9951737692FFB05DF3D0E1EC683ABE8E53AFDB951F2990E4D%26client_id%3Dinventory-bff"
      navigated to "https://crgolden-identity.azurewebsites.net/Account/Login?ReturnUrl=%2Fconnect%2Fauthorize%2Fcallback%3Frequest_uri%3Durn%253Aietf%253Aparams%253Aoauth%253Arequest_uri%253ADDDA6D40484F1EB9951737692FFB05DF3D0E1EC683ABE8E53AFDB951F2990E4D%26client_id%3Dinventory-bff"
      navigated to "https://crgolden-identity.azurewebsites.net/Account/Login?ReturnUrl=%2Fconnect%2Fauthorize%2Fcallback%3Frequest_uri%3Durn%253Aietf%253Aparams%253Aoauth%253Arequest_uri%253ADDDA6D40484F1EB9951737692FFB05DF3D0E1EC683ABE8E53AFDB951F2990E4D%26client_id%3Dinventory-bff"
      navigated to "https://crgolden-identity.azurewebsites.net/Account/Login?ReturnUrl=%2Fconnect%2Fauthorize%2Fcallback%3Frequest_uri%3Durn%253Aietf%253Aparams%253Aoauth%253Arequest_uri%253ADDDA6D40484F1EB9951737692FFB05DF3D0E1EC683ABE8E53AFDB951F2990E4D%26client_id%3Dinventory-bff"
      navigated to "https://crgolden-identity.azurewebsites.net/Account/Login?ReturnUrl=%2Fconnect%2Fauthorize%2Fcallback%3Frequest_uri%3Durn%253Aietf%253Aparams%253Aoauth%253Arequest_uri%253ADDDA6D40484F1EB9951737692FFB05DF3D0E1EC683ABE8E53AFDB951F2990E4D%26client_id%3Dinventory-bff"
      navigated to "https://crgolden-identity.azurewebsites.net/Account/Login?ReturnUrl=%2Fconnect%2Fauthorize%2Fcallback%3Frequest_uri%3Durn%253Aietf%253Aparams%253Aoauth%253Arequest_uri%253ADDDA6D40484F1EB9951737692FFB05DF3D0E1EC683ABE8E53AFDB951F2990E4D%26client_id%3Dinventory-bff"
      navigated to "https://crgolden-identity.azurewebsites.net/Account/Login?ReturnUrl=%2Fconnect%2Fauthorize%2Fcallback%3Frequest_uri%3Durn%253Aietf%253Aparams%253Aoauth%253Arequest_uri%253ADDDA6D40484F1EB9951737692FFB05DF3D0E1EC683ABE8E53AFDB951F2990E4D%26client_id%3Dinventory-bff"
      navigated to "https://crgolden-identity.azurewebsites.net/Account/Login?ReturnUrl=%2Fconnect%2Fauthorize%2Fcallback%3Frequest_uri%3Durn%253Aietf%253Aparams%253Aoauth%253Arequest_uri%253ADDDA6D40484F1EB9951737692FFB05DF3D0E1EC683ABE8E53AFDB951F2990E4D%26client_id%3Dinventory-bff"
      navigated to "https://crgolden-identity.azurewebsites.net/Account/Login?ReturnUrl=%2Fconnect%2Fauthorize%2Fcallback%3Frequest_uri%3Durn%253Aietf%253Aparams%253Aoauth%253Arequest_uri%253ADDDA6D40484F1EB9951737692FFB05DF3D0E1EC683ABE8E53AFDB951F2990E4D%26client_id%3Dinventory-bff"
      navigated to "https://crgolden-identity.azurewebsites.net/Account/Login?ReturnUrl=%2Fconnect%2Fauthorize%2Fcallback%3Frequest_uri%3Durn%253Aietf%253Aparams%253Aoauth%253Arequest_uri%253ADDDA6D40484F1EB9951737692FFB05DF3D0E1EC683ABE8E53AFDB951F2990E4D%26client_id%3Dinventory-bff"
      navigated to "https://crgolden-identity.azurewebsites.net/Account/Login?ReturnUrl=%2Fconnect%2Fauthorize%2Fcallback%3Frequest_uri%3Durn%253Aietf%253Aparams%253Aoauth%253Arequest_uri%253ADDDA6D40484F1EB9951737692FFB05DF3D0E1EC683ABE8E53AFDB951F2990E4D%26client_id%3Dinventory-bff"
      navigated to "https://crgolden-identity.azurewebsites.net/Account/Login?ReturnUrl=%2Fconnect%2Fauthorize%2Fcallback%3Frequest_uri%3Durn%253Aietf%253Aparams%253Aoauth%253Arequest_uri%253ADDDA6D40484F1EB9951737692FFB05DF3D0E1EC683ABE8E53AFDB951F2990E4D%26client_id%3Dinventory-bff"
      navigated to "https://crgolden-identity.azurewebsites.net/Account/Login?ReturnUrl=%2Fconnect%2Fauthorize%2Fcallback%3Frequest_uri%3Durn%253Aietf%253Aparams%253Aoauth%253Arequest_uri%253ADDDA6D40484F1EB9951737692FFB05DF3D0E1EC683ABE8E53AFDB951F2990E4D%26client_id%3Dinventory-bff"
      navigated to "https://crgolden-identity.azurewebsites.net/Account/Login?ReturnUrl=%2Fconnect%2Fauthorize%2Fcallback%3Frequest_uri%3Durn%253Aietf%253Aparams%253Aoauth%253Arequest_uri%253ADDDA6D40484F1EB9951737692FFB05DF3D0E1EC683ABE8E53AFDB951F2990E4D%26client_id%3Dinventory-bff"
      navigated to "https://crgolden-identity.azurewebsites.net/Account/Login?ReturnUrl=%2Fconnect%2Fauthorize%2Fcallback%3Frequest_uri%3Durn%253Aietf%253Aparams%253Aoauth%253Arequest_uri%253ADDDA6D40484F1EB9951737692FFB05DF3D0E1EC683ABE8E53AFDB951F2990E4D%26client_id%3Dinventory-bff"
      navigated to "https://crgolden-identity.azurewebsites.net/Account/Login?ReturnUrl=%2Fconnect%2Fauthorize%2Fcallback%3Frequest_uri%3Durn%253Aietf%253Aparams%253Aoauth%253Arequest_uri%253ADDDA6D40484F1EB9951737692FFB05DF3D0E1EC683ABE8E53AFDB951F2990E4D%26client_id%3Dinventory-bff"
      navigated to "https://crgolden-identity.azurewebsites.net/Account/Login?ReturnUrl=%2Fconnect%2Fauthorize%2Fcallback%3Frequest_uri%3Durn%253Aietf%253Aparams%253Aoauth%253Arequest_uri%253ADDDA6D40484F1EB9951737692FFB05DF3D0E1EC683ABE8E53AFDB951F2990E4D%26client_id%3Dinventory-bff"
      navigated to "https://crgolden-identity.azurewebsites.net/Account/Login?ReturnUrl=%2Fconnect%2Fauthorize%2Fcallback%3Frequest_uri%3Durn%253Aietf%253Aparams%253Aoauth%253Arequest_uri%253ADDDA6D40484F1EB9951737692FFB05DF3D0E1EC683ABE8E53AFDB951F2990E4D%26client_id%3Dinventory-bff"
      navigated to "https://crgolden-identity.azurewebsites.net/Account/Login?ReturnUrl=%2Fconnect%2Fauthorize%2Fcallback%3Frequest_uri%3Durn%253Aietf%253Aparams%253Aoauth%253Arequest_uri%253ADDDA6D40484F1EB9951737692FFB05DF3D0E1EC683ABE8E53AFDB951F2990E4D%26client_id%3Dinventory-bff"
      navigated to "https://crgolden-identity.azurewebsites.net/Account/Login?ReturnUrl=%2Fconnect%2Fauthorize%2Fcallback%3Frequest_uri%3Durn%253Aietf%253Aparams%253Aoauth%253Arequest_uri%253ADDDA6D40484F1EB9951737692FFB05DF3D0E1EC683ABE8E53AFDB951F2990E4D%26client_id%3Dinventory-bff"
      navigated to "https://crgolden-identity.azurewebsites.net/Account/Login?ReturnUrl=%2Fconnect%2Fauthorize%2Fcallback%3Frequest_uri%3Durn%253Aietf%253Aparams%253Aoauth%253Arequest_uri%253ADDDA6D40484F1EB9951737692FFB05DF3D0E1EC683ABE8E53AFDB951F2990E4D%26client_id%3Dinventory-bff"
      navigated to "https://crgolden-identity.azurewebsites.net/Account/Login?ReturnUrl=%2Fconnect%2Fauthorize%2Fcallback%3Frequest_uri%3Durn%253Aietf%253Aparams%253Aoauth%253Arequest_uri%253ADDDA6D40484F1EB9951737692FFB05DF3D0E1EC683ABE8E53AFDB951F2990E4D%26client_id%3Dinventory-bff"
      navigated to "https://crgolden-identity.azurewebsites.net/Account/Login?ReturnUrl=%2Fconnect%2Fauthorize%2Fcallback%3Frequest_uri%3Durn%253Aietf%253Aparams%253Aoauth%253Arequest_uri%253ADDDA6D40484F1EB9951737692FFB05DF3D0E1EC683ABE8E53AFDB951F2990E4D%26client_id%3Dinventory-bff"
      navigated to "https://crgolden-identity.azurewebsites.net/Account/Login?ReturnUrl=%2Fconnect%2Fauthorize%2Fcallback%3Frequest_uri%3Durn%253Aietf%253Aparams%253Aoauth%253Arequest_uri%253ADDDA6D40484F1EB9951737692FFB05DF3D0E1EC683ABE8E53AFDB951F2990E4D%26client_id%3Dinventory-bff"
      navigated to "https://crgolden-identity.azurewebsites.net/Account/Login?ReturnUrl=%2Fconnect%2Fauthorize%2Fcallback%3Frequest_uri%3Durn%253Aietf%253Aparams%253Aoauth%253Arequest_uri%253ADDDA6D40484F1EB9951737692FFB05DF3D0E1EC683ABE8E53AFDB951F2990E4D%26client_id%3Dinventory-bff"
      navigated to "https://crgolden-identity.azurewebsites.net/Account/Login?ReturnUrl=%2Fconnect%2Fauthorize%2Fcallback%3Frequest_uri%3Durn%253Aietf%253Aparams%253Aoauth%253Arequest_uri%253ADDDA6D40484F1EB9951737692FFB05DF3D0E1EC683ABE8E53AFDB951F2990E4D%26client_id%3Dinventory-bff"
      navigated to "https://crgolden-identity.azurewebsites.net/Account/Login?ReturnUrl=%2Fconnect%2Fauthorize%2Fcallback%3Frequest_uri%3Durn%253Aietf%253Aparams%253Aoauth%253Arequest_uri%253ADDDA6D40484F1EB9951737692FFB05DF3D0E1EC683ABE8E53AFDB951F2990E4D%26client_id%3Dinventory-bff"
      navigated to "https://crgolden-identity.azurewebsites.net/Account/Login?ReturnUrl=%2Fconnect%2Fauthorize%2Fcallback%3Frequest_uri%3Durn%253Aietf%253Aparams%253Aoauth%253Arequest_uri%253ADDDA6D40484F1EB9951737692FFB05DF3D0E1EC683ABE8E53AFDB951F2990E4D%26client_id%3Dinventory-bff"
      navigated to "https://crgolden-identity.azurewebsites.net/Account/Login?ReturnUrl=%2Fconnect%2Fauthorize%2Fcallback%3Frequest_uri%3Durn%253Aietf%253Aparams%253Aoauth%253Arequest_uri%253ADDDA6D40484F1EB9951737692FFB05DF3D0E1EC683ABE8E53AFDB951F2990E4D%26client_id%3Dinventory-bff"
      navigated to "https://crgolden-identity.azurewebsites.net/Account/Login?ReturnUrl=%2Fconnect%2Fauthorize%2Fcallback%3Frequest_uri%3Durn%253Aietf%253Aparams%253Aoauth%253Arequest_uri%253ADDDA6D40484F1EB9951737692FFB05DF3D0E1EC683ABE8E53AFDB951F2990E4D%26client_id%3Dinventory-bff"
      navigated to "https://crgolden-identity.azurewebsites.net/Account/Login?ReturnUrl=%2Fconnect%2Fauthorize%2Fcallback%3Frequest_uri%3Durn%253Aietf%253Aparams%253Aoauth%253Arequest_uri%253ADDDA6D40484F1EB9951737692FFB05DF3D0E1EC683ABE8E53AFDB951F2990E4D%26client_id%3Dinventory-bff"
      navigated to "https://crgolden-identity.azurewebsites.net/Account/Login?ReturnUrl=%2Fconnect%2Fauthorize%2Fcallback%3Frequest_uri%3Durn%253Aietf%253Aparams%253Aoauth%253Arequest_uri%253ADDDA6D40484F1EB9951737692FFB05DF3D0E1EC683ABE8E53AFDB951F2990E4D%26client_id%3Dinventory-bff"
      navigated to "https://crgolden-identity.azurewebsites.net/Account/Login?ReturnUrl=%2Fconnect%2Fauthorize%2Fcallback%3Frequest_uri%3Durn%253Aietf%253Aparams%253Aoauth%253Arequest_uri%253ADDDA6D40484F1EB9951737692FFB05DF3D0E1EC683ABE8E53AFDB951F2990E4D%26client_id%3Dinventory-bff"
      navigated to "https://crgolden-identity.azurewebsites.net/Account/Login?ReturnUrl=%2Fconnect%2Fauthorize%2Fcallback%3Frequest_uri%3Durn%253Aietf%253Aparams%253Aoauth%253Arequest_uri%253ADDDA6D40484F1EB9951737692FFB05DF3D0E1EC683ABE8E53AFDB951F2990E4D%26client_id%3Dinventory-bff"
      navigated to "https://crgolden-identity.azurewebsites.net/Account/Login?ReturnUrl=%2Fconnect%2Fauthorize%2Fcallback%3Frequest_uri%3Durn%253Aietf%253Aparams%253Aoauth%253Arequest_uri%253ADDDA6D40484F1EB9951737692FFB05DF3D0E1EC683ABE8E53AFDB951F2990E4D%26client_id%3Dinventory-bff"
      navigated to "https://crgolden-identity.azurewebsites.net/Account/Login?ReturnUrl=%2Fconnect%2Fauthorize%2Fcallback%3Frequest_uri%3Durn%253Aietf%253Aparams%253Aoauth%253Arequest_uri%253ADDDA6D40484F1EB9951737692FFB05DF3D0E1EC683ABE8E53AFDB951F2990E4D%26client_id%3Dinventory-bff"
      navigated to "https://crgolden-identity.azurewebsites.net/Account/Login?ReturnUrl=%2Fconnect%2Fauthorize%2Fcallback%3Frequest_uri%3Durn%253Aietf%253Aparams%253Aoauth%253Arequest_uri%253ADDDA6D40484F1EB9951737692FFB05DF3D0E1EC683ABE8E53AFDB951F2990E4D%26client_id%3Dinventory-bff"
      navigated to "https://crgolden-identity.azurewebsites.net/Account/Login?ReturnUrl=%2Fconnect%2Fauthorize%2Fcallback%3Frequest_uri%3Durn%253Aietf%253Aparams%253Aoauth%253Arequest_uri%253ADDDA6D40484F1EB9951737692FFB05DF3D0E1EC683ABE8E53AFDB951F2990E4D%26client_id%3Dinventory-bff"
      navigated to "https://crgolden-identity.azurewebsites.net/Account/Login?ReturnUrl=%2Fconnect%2Fauthorize%2Fcallback%3Frequest_uri%3Durn%253Aietf%253Aparams%253Aoauth%253Arequest_uri%253ADDDA6D40484F1EB9951737692FFB05DF3D0E1EC683ABE8E53AFDB951F2990E4D%26client_id%3Dinventory-bff"
      navigated to "https://crgolden-identity.azurewebsites.net/Account/Login?ReturnUrl=%2Fconnect%2Fauthorize%2Fcallback%3Frequest_uri%3Durn%253Aietf%253Aparams%253Aoauth%253Arequest_uri%253ADDDA6D40484F1EB9951737692FFB05DF3D0E1EC683ABE8E53AFDB951F2990E4D%26client_id%3Dinventory-bff"
      navigated to "https://crgolden-identity.azurewebsites.net/Account/Login?ReturnUrl=%2Fconnect%2Fauthorize%2Fcallback%3Frequest_uri%3Durn%253Aietf%253Aparams%253Aoauth%253Arequest_uri%253ADDDA6D40484F1EB9951737692FFB05DF3D0E1EC683ABE8E53AFDB951F2990E4D%26client_id%3Dinventory-bff"
      navigated to "https://crgolden-identity.azurewebsites.net/Account/Login?ReturnUrl=%2Fconnect%2Fauthorize%2Fcallback%3Frequest_uri%3Durn%253Aietf%253Aparams%253Aoauth%253Arequest_uri%253ADDDA6D40484F1EB9951737692FFB05DF3D0E1EC683ABE8E53AFDB951F2990E4D%26client_id%3Dinventory-bff"
      navigated to "https://crgolden-identity.azurewebsites.net/Account/Login?ReturnUrl=%2Fconnect%2Fauthorize%2Fcallback%3Frequest_uri%3Durn%253Aietf%253Aparams%253Aoauth%253Arequest_uri%253ADDDA6D40484F1EB9951737692FFB05DF3D0E1EC683ABE8E53AFDB951F2990E4D%26client_id%3Dinventory-bff"
      navigated to "https://crgolden-identity.azurewebsites.net/Account/Login?ReturnUrl=%2Fconnect%2Fauthorize%2Fcallback%3Frequest_uri%3Durn%253Aietf%253Aparams%253Aoauth%253Arequest_uri%253ADDDA6D40484F1EB9951737692FFB05DF3D0E1EC683ABE8E53AFDB951F2990E4D%26client_id%3Dinventory-bff"
      navigated to "https://crgolden-identity.azurewebsites.net/Account/Login?ReturnUrl=%2Fconnect%2Fauthorize%2Fcallback%3Frequest_uri%3Durn%253Aietf%253Aparams%253Aoauth%253Arequest_uri%253ADDDA6D40484F1EB9951737692FFB05DF3D0E1EC683ABE8E53AFDB951F2990E4D%26client_id%3Dinventory-bff"
    ============================================================

      10 |     const seed = resolveSeed();
      11 |     const steps = resolveStepBudget();
    > 12 |     await loginWithPasskey(page, { slot: 1, returnParam: 'returnUrl', returnPath: '/products' });
         |     ^
      13 |     await sweepSyntheticProducts(page);
      14 |     try {
      15 |       const result = await walk(page, createInventoryActions(seed), { seed, steps, testInfo });
        at loginWithPasskey (C:\Users\crgol\source\repos\crgolden\Inventory\inventory.client\node_modules\@crgolden\modules\dist\synthetic-walker\index.js:141:16)
        at C:\Users\crgol\source\repos\crgolden\Inventory\inventory.client\e2e\synthetic\walker.spec.ts:12:5

    Error Context: ..\test-results\walker-Synthetic-walker-wa-feb44-ith-a-seeded-random-journey-synthetic\error-context.md
]]>
</error>
</testcase>
</testsuite>
</testsuites>